<?xml version="1.0" encoding="UTF-8"?>
<!-- Generated by org.testng.reporters.JUnitReportReporter -->
<testsuite skipped="0" hostname="DESKTOP-licontre" name="googleSearch.Page.searchingText" tests="1" failures="0" timestamp="2020-01-01T15:17:11 CET" time="17.153" errors="0">
  <testcase name="findMarca" time="17.153" classname="googleSearch.Page.searchingText"/>
</testsuite> <!-- googleSearch.Page.searchingText -->
